# JRE version: OpenJDK Runtime Environment Temurin-21.0.8+9 (21.0.8+9) (build 21.0.8+9-LTS)
# Java VM: OpenJDK 64-Bit Server VM Temurin-21.0.8+9 (21.0.8+9-LTS, mixed mode, sharing, tiered, compressed oops, compressed class ptrs, parallel gc, windows-amd64)
GC Precious Log:
 CardTable entry size: 512
 CPUs: 16 total, 16 available
 Memory: 16068M
 Large Page Support: Disabled
 NUMA Support: Disabled
 Compressed Oops: Enabled (32-bit)
 Alignments: Space 512K, Generation 512K, Heap 2M
 Heap Min Capacity: 100M
 Heap Initial Capacity: 100M
 Heap Max Capacity: 2G
 Pre-touch: Disabled
 Parallel Workers: 13
Heap:
 PSYoungGen      total 20480K, used 11438K [0x00000000d5580000, 0x00000000d7380000, 0x0000000100000000)
  eden space 18432K, 51% used [0x00000000d5580000,0x00000000d5eb2790,0x00000000d6780000)
  from space 2048K, 98% used [0x00000000d6780000,0x00000000d6979340,0x00000000d6980000)
  to   space 6144K, 0% used [0x00000000d6d80000,0x00000000d6d80000,0x00000000d7380000)
 ParOldGen       total 68608K, used 38006K [0x0000000080000000, 0x0000000084300000, 0x00000000d5580000)
  object space 68608K, 55% used [0x0000000080000000,0x000000008251dba8,0x0000000084300000)
 Metaspace       used 43854K, committed 44992K, reserved 1114112K
  class space    used 4309K, committed 4800K, reserved 1048576K
GC Heap History (20 events):
Event: 4.286 GC heap before
{Heap before GC invocations=32 (full 2):
 PSYoungGen      total 19456K, used 19178K [0x00000000d5580000, 0x00000000d6a00000, 0x0000000100000000)
  eden space 18944K, 99% used [0x00000000d5580000,0x00000000d67eaba8,0x00000000d6800000)
  from space 512K, 62% used [0x00000000d6900000,0x00000000d6950000,0x00000000d6980000)
  to   space 512K, 0% used [0x00000000d6980000,0x00000000d6980000,0x00000000d6a00000)
 ParOldGen       total 68608K, used 33169K [0x0000000080000000, 0x0000000084300000, 0x00000000d5580000)
  object space 68608K, 48% used [0x0000000080000000,0x00000000820645c0,0x0000000084300000)
 Metaspace       used 39652K, committed 40704K, reserved 1114112K
  class space    used 3993K, committed 4416K, reserved 1048576K
}
Event: 4.286 GC heap after
{Heap after GC invocations=32 (full 2):
 PSYoungGen      total 19456K, used 482K [0x00000000d5580000, 0x00000000d6a00000, 0x0000000100000000)
  eden space 18944K, 0% used [0x00000000d5580000,0x00000000d5580000,0x00000000d6800000)
  from space 512K, 94% used [0x00000000d6980000,0x00000000d69f8938,0x00000000d6a00000)
  to   space 512K, 0% used [0x00000000d6900000,0x00000000d6900000,0x00000000d6980000)
 ParOldGen       total 68608K, used 33257K [0x0000000080000000, 0x0000000084300000, 0x00000000d5580000)
  object space 68608K, 48% used [0x0000000080000000,0x000000008207a5c0,0x0000000084300000)
 Metaspace       used 39652K, committed 40704K, reserved 1114112K
  class space    used 3993K, committed 4416K, reserved 1048576K
}
Event: 4.296 GC heap before
{Heap before GC invocations=33 (full 2):
 PSYoungGen      total 19456K, used 19426K [0x00000000d5580000, 0x00000000d6a00000, 0x0000000100000000)
  eden space 18944K, 100% used [0x00000000d5580000,0x00000000d6800000,0x00000000d6800000)
  from space 512K, 94% used [0x00000000d6980000,0x00000000d69f8938,0x00000000d6a00000)
  to   space 512K, 0% used [0x00000000d6900000,0x00000000d6900000,0x00000000d6980000)
 ParOldGen       total 68608K, used 33257K [0x0000000080000000, 0x0000000084300000, 0x00000000d5580000)
  object space 68608K, 48% used [0x0000000080000000,0x000000008207a5c0,0x0000000084300000)
 Metaspace       used 39671K, committed 40704K, reserved 1114112K
  class space    used 3993K, committed 4416K, reserved 1048576K
}
Event: 4.296 GC heap after
{Heap after GC invocations=33 (full 2):
 PSYoungGen      total 19456K, used 484K [0x00000000d5580000, 0x00000000d6a00000, 0x0000000100000000)
  eden space 18944K, 0% used [0x00000000d5580000,0x00000000d5580000,0x00000000d6800000)
  from space 512K, 94% used [0x00000000d6900000,0x00000000d6979270,0x00000000d6980000)
  to   space 512K, 0% used [0x00000000d6980000,0x00000000d6980000,0x00000000d6a00000)
 ParOldGen       total 68608K, used 33321K [0x0000000080000000, 0x0000000084300000, 0x00000000d5580000)
  object space 68608K, 48% used [0x0000000080000000,0x000000008208a5c0,0x0000000084300000)
 Metaspace       used 39671K, committed 40704K, reserved 1114112K
  class space    used 3993K, committed 4416K, reserved 1048576K
}
Event: 4.306 GC heap before
{Heap before GC invocations=34 (full 2):
 PSYoungGen      total 19456K, used 19428K [0x00000000d5580000, 0x00000000d6a00000, 0x0000000100000000)
  eden space 18944K, 100% used [0x00000000d5580000,0x00000000d6800000,0x00000000d6800000)
  from space 512K, 94% used [0x00000000d6900000,0x00000000d6979270,0x00000000d6980000)
  to   space 512K, 0% used [0x00000000d6980000,0x00000000d6980000,0x00000000d6a00000)
 ParOldGen       total 68608K, used 33321K [0x0000000080000000, 0x0000000084300000, 0x00000000d5580000)
  object space 68608K, 48% used [0x0000000080000000,0x000000008208a5c0,0x0000000084300000)
 Metaspace       used 39685K, committed 40704K, reserved 1114112K
  class space    used 3993K, committed 4416K, reserved 1048576K
}
Event: 4.307 GC heap after
{Heap after GC invocations=34 (full 2):
 PSYoungGen      total 19456K, used 482K [0x00000000d5580000, 0x00000000d6a00000, 0x0000000100000000)
  eden space 18944K, 0% used [0x00000000d5580000,0x00000000d5580000,0x00000000d6800000)
  from space 512K, 94% used [0x00000000d6980000,0x00000000d69f8938,0x00000000d6a00000)
  to   space 512K, 0% used [0x00000000d6900000,0x00000000d6900000,0x00000000d6980000)
 ParOldGen       total 68608K, used 33393K [0x0000000080000000, 0x0000000084300000, 0x00000000d5580000)
  object space 68608K, 48% used [0x0000000080000000,0x000000008209c5c0,0x0000000084300000)
 Metaspace       used 39685K, committed 40704K, reserved 1114112K
  class space    used 3993K, committed 4416K, reserved 1048576K
}
Event: 4.318 GC heap before
{Heap before GC invocations=35 (full 2):
 PSYoungGen      total 19456K, used 19360K [0x00000000d5580000, 0x00000000d6a00000, 0x0000000100000000)
  eden space 18944K, 99% used [0x00000000d5580000,0x00000000d67efac0,0x00000000d6800000)
  from space 512K, 94% used [0x00000000d6980000,0x00000000d69f8938,0x00000000d6a00000)
  to   space 512K, 0% used [0x00000000d6900000,0x00000000d6900000,0x00000000d6980000)
 ParOldGen       total 68608K, used 33393K [0x0000000080000000, 0x0000000084300000, 0x00000000d5580000)
  object space 68608K, 48% used [0x0000000080000000,0x000000008209c5c0,0x0000000084300000)
 Metaspace       used 39705K, committed 40704K, reserved 1114112K
  class space    used 3993K, committed 4416K, reserved 1048576K
}
Event: 4.318 GC heap after
{Heap after GC invocations=35 (full 2):
 PSYoungGen      total 19456K, used 320K [0x00000000d5580000, 0x00000000d6a00000, 0x0000000100000000)
  eden space 18944K, 0% used [0x00000000d5580000,0x00000000d5580000,0x00000000d6800000)
  from space 512K, 62% used [0x00000000d6900000,0x00000000d6950000,0x00000000d6980000)
  to   space 512K, 0% used [0x00000000d6980000,0x00000000d6980000,0x00000000d6a00000)
 ParOldGen       total 68608K, used 33457K [0x0000000080000000, 0x0000000084300000, 0x00000000d5580000)
  object space 68608K, 48% used [0x0000000080000000,0x00000000820ac5c0,0x0000000084300000)
 Metaspace       used 39705K, committed 40704K, reserved 1114112K
  class space    used 3993K, committed 4416K, reserved 1048576K
}
Event: 4.328 GC heap before
{Heap before GC invocations=36 (full 2):
 PSYoungGen      total 19456K, used 19172K [0x00000000d5580000, 0x00000000d6a00000, 0x0000000100000000)
  eden space 18944K, 99% used [0x00000000d5580000,0x00000000d67e93e0,0x00000000d6800000)
  from space 512K, 62% used [0x00000000d6900000,0x00000000d6950000,0x00000000d6980000)
  to   space 512K, 0% used [0x00000000d6980000,0x00000000d6980000,0x00000000d6a00000)
 ParOldGen       total 68608K, used 33457K [0x0000000080000000, 0x0000000084300000, 0x00000000d5580000)
  object space 68608K, 48% used [0x0000000080000000,0x00000000820ac5c0,0x0000000084300000)
 Metaspace       used 39716K, committed 40704K, reserved 1114112K
  class space    used 3993K, committed 4416K, reserved 1048576K
}
Event: 4.329 GC heap after
{Heap after GC invocations=36 (full 2):
 PSYoungGen      total 19456K, used 416K [0x00000000d5580000, 0x00000000d6a00000, 0x0000000100000000)
  eden space 18944K, 0% used [0x00000000d5580000,0x00000000d5580000,0x00000000d6800000)
  from space 512K, 81% used [0x00000000d6980000,0x00000000d69e8000,0x00000000d6a00000)
  to   space 512K, 0% used [0x00000000d6900000,0x00000000d6900000,0x00000000d6980000)
 ParOldGen       total 68608K, used 33537K [0x0000000080000000, 0x0000000084300000, 0x00000000d5580000)
  object space 68608K, 48% used [0x0000000080000000,0x00000000820c05c0,0x0000000084300000)
 Metaspace       used 39716K, committed 40704K, reserved 1114112K
  class space    used 3993K, committed 4416K, reserved 1048576K
}
Event: 4.339 GC heap before
{Heap before GC invocations=37 (full 2):
 PSYoungGen      total 19456K, used 19360K [0x00000000d5580000, 0x00000000d6a00000, 0x0000000100000000)
  eden space 18944K, 100% used [0x00000000d5580000,0x00000000d6800000,0x00000000d6800000)
  from space 512K, 81% used [0x00000000d6980000,0x00000000d69e8000,0x00000000d6a00000)
  to   space 512K, 0% used [0x00000000d6900000,0x00000000d6900000,0x00000000d6980000)
 ParOldGen       total 68608K, used 33537K [0x0000000080000000, 0x0000000084300000, 0x00000000d5580000)
  object space 68608K, 48% used [0x0000000080000000,0x00000000820c05c0,0x0000000084300000)
 Metaspace       used 39731K, committed 40704K, reserved 1114112K
  class space    used 3993K, committed 4416K, reserved 1048576K
}
Event: 4.339 GC heap after
{Heap after GC invocations=37 (full 2):
 PSYoungGen      total 19456K, used 418K [0x00000000d5580000, 0x00000000d6a00000, 0x0000000100000000)
  eden space 18944K, 0% used [0x00000000d5580000,0x00000000d5580000,0x00000000d6800000)
  from space 512K, 81% used [0x00000000d6900000,0x00000000d6968938,0x00000000d6980000)
  to   space 512K, 0% used [0x00000000d6980000,0x00000000d6980000,0x00000000d6a00000)
 ParOldGen       total 68608K, used 33617K [0x0000000080000000, 0x0000000084300000, 0x00000000d5580000)
  object space 68608K, 48% used [0x0000000080000000,0x00000000820d45c0,0x0000000084300000)
 Metaspace       used 39731K, committed 40704K, reserved 1114112K
  class space    used 3993K, committed 4416K, reserved 1048576K
}
Event: 4.352 GC heap before
{Heap before GC invocations=38 (full 2):
 PSYoungGen      total 19456K, used 19362K [0x00000000d5580000, 0x00000000d6a00000, 0x0000000100000000)
  eden space 18944K, 100% used [0x00000000d5580000,0x00000000d6800000,0x00000000d6800000)
  from space 512K, 81% used [0x00000000d6900000,0x00000000d6968938,0x00000000d6980000)
  to   space 512K, 0% used [0x00000000d6980000,0x00000000d6980000,0x00000000d6a00000)
 ParOldGen       total 68608K, used 33617K [0x0000000080000000, 0x0000000084300000, 0x00000000d5580000)
  object space 68608K, 48% used [0x0000000080000000,0x00000000820d45c0,0x0000000084300000)
 Metaspace       used 39774K, committed 40768K, reserved 1114112K
  class space    used 3993K, committed 4416K, reserved 1048576K
}
Event: 4.352 GC heap after
{Heap after GC invocations=38 (full 2):
 PSYoungGen      total 19456K, used 418K [0x00000000d5580000, 0x00000000d6a00000, 0x0000000100000000)
  eden space 18944K, 0% used [0x00000000d5580000,0x00000000d5580000,0x00000000d6800000)
  from space 512K, 81% used [0x00000000d6980000,0x00000000d69e8938,0x00000000d6a00000)
  to   space 512K, 0% used [0x00000000d6900000,0x00000000d6900000,0x00000000d6980000)
 ParOldGen       total 68608K, used 33681K [0x0000000080000000, 0x0000000084300000, 0x00000000d5580000)
  object space 68608K, 49% used [0x0000000080000000,0x00000000820e45c0,0x0000000084300000)
 Metaspace       used 39774K, committed 40768K, reserved 1114112K
  class space    used 3993K, committed 4416K, reserved 1048576K
}
Event: 4.362 GC heap before
{Heap before GC invocations=39 (full 2):
 PSYoungGen      total 19456K, used 19362K [0x00000000d5580000, 0x00000000d6a00000, 0x0000000100000000)
  eden space 18944K, 100% used [0x00000000d5580000,0x00000000d6800000,0x00000000d6800000)
  from space 512K, 81% used [0x00000000d6980000,0x00000000d69e8938,0x00000000d6a00000)
  to   space 512K, 0% used [0x00000000d6900000,0x00000000d6900000,0x00000000d6980000)
 ParOldGen       total 68608K, used 33681K [0x0000000080000000, 0x0000000084300000, 0x00000000d5580000)
  object space 68608K, 49% used [0x0000000080000000,0x00000000820e45c0,0x0000000084300000)
 Metaspace       used 39781K, committed 40768K, reserved 1114112K
  class space    used 3993K, committed 4416K, reserved 1048576K
}
Event: 4.363 GC heap after
{Heap after GC invocations=39 (full 2):
 PSYoungGen      total 19456K, used 320K [0x00000000d5580000, 0x00000000d6a00000, 0x0000000100000000)
  eden space 18944K, 0% used [0x00000000d5580000,0x00000000d5580000,0x00000000d6800000)
  from space 512K, 62% used [0x00000000d6900000,0x00000000d6950000,0x00000000d6980000)
  to   space 512K, 0% used [0x00000000d6980000,0x00000000d6980000,0x00000000d6a00000)
 ParOldGen       total 68608K, used 33761K [0x0000000080000000, 0x0000000084300000, 0x00000000d5580000)
  object space 68608K, 49% used [0x0000000080000000,0x00000000820f85c0,0x0000000084300000)
 Metaspace       used 39781K, committed 40768K, reserved 1114112K
  class space    used 3993K, committed 4416K, reserved 1048576K
}
Event: 4.784 GC heap before
{Heap before GC invocations=40 (full 2):
 PSYoungGen      total 19456K, used 19264K [0x00000000d5580000, 0x00000000d6a00000, 0x0000000100000000)
  eden space 18944K, 100% used [0x00000000d5580000,0x00000000d6800000,0x00000000d6800000)
  from space 512K, 62% used [0x00000000d6900000,0x00000000d6950000,0x00000000d6980000)
  to   space 512K, 0% used [0x00000000d6980000,0x00000000d6980000,0x00000000d6a00000)
 ParOldGen       total 68608K, used 33761K [0x0000000080000000, 0x0000000084300000, 0x00000000d5580000)
  object space 68608K, 49% used [0x0000000080000000,0x00000000820f85c0,0x0000000084300000)
 Metaspace       used 41489K, committed 42624K, reserved 1114112K
  class space    used 4166K, committed 4672K, reserved 1048576K
}
Event: 4.785 GC heap after
{Heap after GC invocations=40 (full 2):
 PSYoungGen      total 18944K, used 482K [0x00000000d5580000, 0x00000000d6c00000, 0x0000000100000000)
  eden space 18432K, 0% used [0x00000000d5580000,0x00000000d5580000,0x00000000d6780000)
  from space 512K, 94% used [0x00000000d6980000,0x00000000d69f8958,0x00000000d6a00000)
  to   space 2048K, 0% used [0x00000000d6780000,0x00000000d6780000,0x00000000d6980000)
 ParOldGen       total 68608K, used 35001K [0x0000000080000000, 0x0000000084300000, 0x00000000d5580000)
  object space 68608K, 51% used [0x0000000080000000,0x000000008222e510,0x0000000084300000)
 Metaspace       used 41489K, committed 42624K, reserved 1114112K
  class space    used 4166K, committed 4672K, reserved 1048576K
}
Event: 5.136 GC heap before
{Heap before GC invocations=41 (full 2):
 PSYoungGen      total 18944K, used 18914K [0x00000000d5580000, 0x00000000d6c00000, 0x0000000100000000)
  eden space 18432K, 100% used [0x00000000d5580000,0x00000000d6780000,0x00000000d6780000)
  from space 512K, 94% used [0x00000000d6980000,0x00000000d69f8958,0x00000000d6a00000)
  to   space 2048K, 0% used [0x00000000d6780000,0x00000000d6780000,0x00000000d6980000)
 ParOldGen       total 68608K, used 35001K [0x0000000080000000, 0x0000000084300000, 0x00000000d5580000)
  object space 68608K, 51% used [0x0000000080000000,0x000000008222e510,0x0000000084300000)
 Metaspace       used 43283K, committed 44288K, reserved 1114112K
  class space    used 4290K, committed 4736K, reserved 1048576K
}
Event: 5.138 GC heap after
{Heap after GC invocations=41 (full 2):
 PSYoungGen      total 20480K, used 2020K [0x00000000d5580000, 0x00000000d7380000, 0x0000000100000000)
  eden space 18432K, 0% used [0x00000000d5580000,0x00000000d5580000,0x00000000d6780000)
  from space 2048K, 98% used [0x00000000d6780000,0x00000000d6979340,0x00000000d6980000)
  to   space 6144K, 0% used [0x00000000d6d80000,0x00000000d6d80000,0x00000000d7380000)
 ParOldGen       total 68608K, used 38006K [0x0000000080000000, 0x0000000084300000, 0x00000000d5580000)
  object space 68608K, 55% used [0x0000000080000000,0x000000008251dba8,0x0000000084300000)
 Metaspace       used 43283K, committed 44288K, reserved 1114112K
  class space    used 4290K, committed 4736K, reserved 1048576K
}

